Started at Tue Jul 12 11:22:34 UTC 2022
Processing assignmentjob
Offering assignmentjob to Project Build Discarder
Processing github-webhook
Offering github-webhook to Project Build Discarder
Processing job1
Offering job1 to Project Build Discarder
Processing pipeline1
Offering pipeline1 to Project Build Discarder
Processing sample
Offering sample to Project Build Discarder
Processing sample git
Offering sample git to Project Build Discarder
Processing sample job
Offering sample job to Project Build Discarder
Processing sample3
Offering sample3 to Project Build Discarder
Finished at Tue Jul 12 11:22:34 UTC 2022. 9ms
Started at Tue Jul 12 12:22:34 UTC 2022
Processing assignmentjob
Offering assignmentjob to Project Build Discarder
Processing github-webhook
Offering github-webhook to Project Build Discarder
Processing job1
Offering job1 to Project Build Discarder
Processing pipeline1
Offering pipeline1 to Project Build Discarder
Processing sample
Offering sample to Project Build Discarder
Processing sample git
Offering sample git to Project Build Discarder
Processing sample job
Offering sample job to Project Build Discarder
Processing sample3
Offering sample3 to Project Build Discarder
Finished at Tue Jul 12 12:22:34 UTC 2022. 10ms
Started at Tue Jul 12 13:22:34 UTC 2022
Processing assignmentjob
Offering assignmentjob to Project Build Discarder
Processing github-webhook
Offering github-webhook to Project Build Discarder
Processing job1
Offering job1 to Project Build Discarder
Processing pipeline1
Offering pipeline1 to Project Build Discarder
Processing sample
Offering sample to Project Build Discarder
Processing sample git
Offering sample git to Project Build Discarder
Processing sample job
Offering sample job to Project Build Discarder
Processing sample3
Offering sample3 to Project Build Discarder
Finished at Tue Jul 12 13:22:34 UTC 2022. 2ms
